<?xml version="1.0" encoding="utf-8"?><testsuites name="pytest tests"><testsuite name="pytest" errors="0" failures="0" skipped="0" tests="14" time="5.213" timestamp="2026-07-02T07:39:10.049885+00:00" hostname="agent-env-ea2295f0-e093-49ea-bd7d-1fbaad4bdf69"><testcase classname="backend.tests.test_iteration2.TestConfigNewFields" name="test_get_config_has_new_fields" time="1.249" /><testcase classname="backend.tests.test_iteration2.TestConfigNewFields" name="test_put_config_persists_new_fields" time="0.412" /><testcase classname="backend.tests.test_iteration2.TestEarlyDepartureApproval" name="test_get_me_returns_pending" time="0.140" /><testcase classname="backend.tests.test_iteration2.TestEarlyDepartureApproval" name="test_pending_forbidden_for_user" time="0.161" /><testcase classname="backend.tests.test_iteration2.TestEarlyDepartureApproval" name="test_pending_visible_to_supervisor" time="0.135" /><testcase classname="backend.tests.test_iteration2.TestEarlyDepartureApproval" name="test_approve_increments_counter_no_deduction" time="0.148" /><testcase classname="backend.tests.test_iteration2.TestEarlyDepartureApproval" name="test_reject_applies_deduction_no_counter_and_double_review" time="0.280" /><testcase classname="backend.tests.test_iteration2.TestEarlyDepartureOverLimit" name="test_fourth_approval_applies_deduction" time="0.601" /><testcase classname="backend.tests.test_iteration2.TestEmergency" name="test_reject_empty_proof" time="0.132" /><testcase classname="backend.tests.test_iteration2.TestEmergency" name="test_create_and_me_and_quota" time="0.431" /><testcase classname="backend.tests.test_iteration2.TestEmergency" name="test_quota_full_rejects_new" time="0.420" /><testcase classname="backend.tests.test_iteration2.TestEmergency" name="test_pending_forbidden_for_user_accessible_supervisor" time="0.391" /><testcase classname="backend.tests.test_iteration2.TestEmergency" name="test_review_approve_and_reject" time="0.450" /><testcase classname="backend.tests.test_iteration2.TestLatenessMe" name="test_returns_quota_and_history" time="0.098" /></testsuite></testsuites>