<?xml version="1.0" encoding="utf-8"?><testsuites name="pytest tests"><testsuite name="pytest" errors="0" failures="0" skipped="0" tests="29" time="7.221" timestamp="2026-07-02T07:14:07.512872+00:00" hostname="agent-env-ea2295f0-e093-49ea-bd7d-1fbaad4bdf69"><testcase classname="backend.tests.backend_test.TestAuth" name="test_root_health" time="0.191" /><testcase classname="backend.tests.backend_test.TestAuth" name="test_admin_login_success" time="0.353" /><testcase classname="backend.tests.backend_test.TestAuth" name="test_admin_bad_password" time="0.333" /><testcase classname="backend.tests.backend_test.TestAuth" name="test_auth_me" time="0.096" /><testcase classname="backend.tests.backend_test.TestAuth" name="test_change_password_flow" time="0.858" /><testcase classname="backend.tests.backend_test.TestAuth" name="test_supervisor_and_user_login" time="0.634" /><testcase classname="backend.tests.backend_test.TestConfig" name="test_get_config_seeded" time="0.098" /><testcase classname="backend.tests.backend_test.TestConfig" name="test_put_config_admin" time="0.296" /><testcase classname="backend.tests.backend_test.TestConfig" name="test_put_config_forbidden_for_user" time="0.194" /><testcase classname="backend.tests.backend_test.TestWarehouses" name="test_list" time="0.101" /><testcase classname="backend.tests.backend_test.TestWarehouses" name="test_create_update_delete" time="0.508" /><testcase classname="backend.tests.backend_test.TestUsers" name="test_create_user_must_change_password" time="0.417" /><testcase classname="backend.tests.backend_test.TestUsers" name="test_user_write_forbidden_for_non_admin" time="0.090" /><testcase classname="backend.tests.backend_test.TestUsers" name="test_reset_password" time="0.318" /><testcase classname="backend.tests.backend_test.TestUsers" name="test_delete_user" time="0.096" /><testcase classname="backend.tests.backend_test.TestRegulations" name="test_get_and_update" time="0.288" /><testcase classname="backend.tests.backend_test.TestRegulations" name="test_put_regulations_forbidden_for_user" time="0.095" /><testcase classname="backend.tests.backend_test.TestAttendance" name="test_check_in_out_of_radius" time="0.103" /><testcase classname="backend.tests.backend_test.TestAttendance" name="test_check_in_ok" time="0.123" /><testcase classname="backend.tests.backend_test.TestAttendance" name="test_attendance_me" time="0.096" /><testcase classname="backend.tests.backend_test.TestAttendance" name="test_check_out" time="0.101" /><testcase classname="backend.tests.backend_test.TestAttendance" name="test_reports" time="0.286" /><testcase classname="backend.tests.backend_test.TestAttendance" name="test_manual_attendance_forbidden_for_user" time="0.097" /><testcase classname="backend.tests.backend_test.TestLeave" name="test_leave_too_soon" time="0.095" /><testcase classname="backend.tests.backend_test.TestLeave" name="test_leave_ok" time="0.101" /><testcase classname="backend.tests.backend_test.TestLeave" name="test_leave_conflict" time="0.262" /><testcase classname="backend.tests.backend_test.TestLeave" name="test_division_leaves" time="0.098" /><testcase classname="backend.tests.backend_test.TestLeave" name="test_cancel_leave_within_24h_rejects" time="0.187" /><testcase classname="backend.tests.backend_test.TestNotifications" name="test_get_notifications" time="0.632" /></testsuite></testsuites>